<?xml version="1.0" encoding="UTF-8"?>
<testng-results skipped="0" failed="0" total="1" passed="1">
  <reporter-output>
  </reporter-output>
  <suite name="Default suite" duration-ms="243301" started-at="2018-01-23T13:46:00Z" finished-at="2018-01-23T13:50:03Z">
    <groups>
      <group name="cucumber">
        <method signature="AbstractTestNGCucumberTests.feature(cucumber.api.testng.CucumberFeatureWrapper)[pri:0, instance:cucumberRunner.FluidTestRunner@4f638935]" name="feature" class="cucumber.api.testng.AbstractTestNGCucumberTests"/>
      </group> <!-- cucumber -->
    </groups>
    <test name="Default test" duration-ms="243301" started-at="2018-01-23T13:46:00Z" finished-at="2018-01-23T13:50:03Z">
      <class name="cucumberRunner.FluidTestRunner">
        <test-method status="PASS" signature="setUpClass()[pri:0, instance:cucumberRunner.FluidTestRunner@4f638935]" name="setUpClass" is-config="true" duration-ms="592" started-at="2018-01-23T14:46:00Z" finished-at="2018-01-23T14:46:00Z">
          <reporter-output>
          </reporter-output>
        </test-method> <!-- setUpClass -->
        <test-method status="PASS" signature="feature(cucumber.api.testng.CucumberFeatureWrapper)[pri:0, instance:cucumberRunner.FluidTestRunner@4f638935]" name="feature" duration-ms="209270" started-at="2018-01-23T14:46:01Z" description="Runs Cucumber Feature" data-provider="features" finished-at="2018-01-23T14:49:30Z">
          <params>
            <param index="0">
              <value>
                <![CDATA[login into twitter]]>
              </value>
            </param>
          </params>
          <reporter-output>
          </reporter-output>
        </test-method> <!-- feature -->
        <test-method status="PASS" signature="tearDownClass()[pri:0, instance:cucumberRunner.FluidTestRunner@4f638935]" name="tearDownClass" is-config="true" duration-ms="20" started-at="2018-01-23T14:49:57Z" finished-at="2018-01-23T14:49:57Z">
          <reporter-output>
          </reporter-output>
        </test-method> <!-- tearDownClass -->
      </class> <!-- cucumberRunner.FluidTestRunner -->
    </test> <!-- Default test -->
  </suite> <!-- Default suite -->
</testng-results>
